Determining if the pthread_create exist failed with the following output:
Change Dir: /media/shen/onlyu/githubcollect/google_SLAM_cartographer/ros_start/build/CMakeFiles/CMakeTmp

Run Build Command:"/usr/bin/make" "cmTC_256c0/fast"
/usr/bin/make -f CMakeFiles/cmTC_256c0.dir/build.make CMakeFiles/cmTC_256c0.dir/build
make[1]: Entering directory '/media/shen/onlyu/githubcollect/google_SLAM_cartographer/ros_start/build/CMakeFiles/CMakeTmp'
Building C object CMakeFiles/cmTC_256c0.dir/CheckSymbolExists.c.o
/usr/bin/cc     -o CMakeFiles/cmTC_256c0.dir/CheckSymbolExists.c.o   -c /media/shen/onlyu/githubcollect/google_SLAM_cartographer/ros_start/build/CMakeFiles/CMakeTmp/CheckSymbolExists.c
Linking C executable cmTC_256c0
/usr/bin/cmake -E cmake_link_script CMakeFiles/cmTC_256c0.dir/link.txt --verbose=1
/usr/bin/cc       CMakeFiles/cmTC_256c0.dir/CheckSymbolExists.c.o  -o cmTC_256c0 -rdynamic 
CMakeFiles/cmTC_256c0.dir/CheckSymbolExists.c.o：在函数‘main’中：
CheckSymbolExists.c:(.text+0x16)：对‘pthread_create’未定义的引用
collect2: error: ld returned 1 exit status
CMakeFiles/cmTC_256c0.dir/build.make:97: recipe for target 'cmTC_256c0' failed
make[1]: *** [cmTC_256c0] Error 1
make[1]: Leaving directory '/media/shen/onlyu/githubcollect/google_SLAM_cartographer/ros_start/build/CMakeFiles/CMakeTmp'
Makefile:126: recipe for target 'cmTC_256c0/fast' failed
make: *** [cmTC_256c0/fast] Error 2

File /media/shen/onlyu/githubcollect/google_SLAM_cartographer/ros_start/build/CMakeFiles/CMakeTmp/CheckSymbolExists.c:
/* */
#include <pthread.h>

int main(int argc, char** argv)
{
  (void)argv;
#ifndef pthread_create
  return ((int*)(&pthread_create))[argc];
#else
  (void)argc;
  return 0;
#endif
}

Determining if the function pthread_create exists in the pthreads failed with the following output:
Change Dir: /media/shen/onlyu/githubcollect/google_SLAM_cartographer/ros_start/build/CMakeFiles/CMakeTmp

Run Build Command:"/usr/bin/make" "cmTC_fc1d1/fast"
/usr/bin/make -f CMakeFiles/cmTC_fc1d1.dir/build.make CMakeFiles/cmTC_fc1d1.dir/build
make[1]: Entering directory '/media/shen/onlyu/githubcollect/google_SLAM_cartographer/ros_start/build/CMakeFiles/CMakeTmp'
Building C object CMakeFiles/cmTC_fc1d1.dir/CheckFunctionExists.c.o
/usr/bin/cc    -DCHECK_FUNCTION_EXISTS=pthread_create   -o CMakeFiles/cmTC_fc1d1.dir/CheckFunctionExists.c.o   -c /usr/share/cmake-3.5/Modules/CheckFunctionExists.c
Linking C executable cmTC_fc1d1
/usr/bin/cmake -E cmake_link_script CMakeFiles/cmTC_fc1d1.dir/link.txt --verbose=1
/usr/bin/cc   -DCHECK_FUNCTION_EXISTS=pthread_create    CMakeFiles/cmTC_fc1d1.dir/CheckFunctionExists.c.o  -o cmTC_fc1d1 -rdynamic -lpthreads 
/usr/bin/ld: 找不到 -lpthreads
collect2: error: ld returned 1 exit status
CMakeFiles/cmTC_fc1d1.dir/build.make:97: recipe for target 'cmTC_fc1d1' failed
make[1]: *** [cmTC_fc1d1] Error 1
make[1]: Leaving directory '/media/shen/onlyu/githubcollect/google_SLAM_cartographer/ros_start/build/CMakeFiles/CMakeTmp'
Makefile:126: recipe for target 'cmTC_fc1d1/fast' failed
make: *** [cmTC_fc1d1/fast] Error 2


